2024-01-04 16:07:26 [@DESKTOP-8G4MAQM]
Interne #1 : Démarrage contract
2024-01-04 16:18:03 [2@DESKTOP-8G4MAQM]
Interne #1 : Démarrage infocom
2024-01-04 16:40:27 [@DESKTOP-8G4MAQM]
Interne #1 : Démarrage mailgate
2024-01-04 16:47:27 [2@DESKTOP-8G4MAQM]
Interne #1 : Démarrage session
2024-01-04 17:00:18 [2@DESKTOP-8G4MAQM]
Interne #1 : Démarrage graph
2024-01-04 17:26:29 [2@DESKTOP-8G4MAQM]
Interne #1 : Démarrage reservation
2024-01-04 18:15:16 [@DESKTOP-8G4MAQM]
Interne #1 : Démarrage closeticket
2024-01-04 18:42:36 [2@DESKTOP-8G4MAQM]
Interne #1 : Démarrage alertnotclosed
2024-01-04 18:49:42 [2@DESKTOP-8G4MAQM]
Interne #1 : Démarrage slaticket
2024-01-04 19:01:29 [2@DESKTOP-8G4MAQM]
Interne #1 : Démarrage createinquest
2024-01-04 21:54:46 [2@DESKTOP-8G4MAQM]
Interne #1 : Démarrage watcher
2024-01-04 22:03:27 [2@DESKTOP-8G4MAQM]
Interne #1 : Démarrage RecurrentItems
2024-01-04 22:10:30 [2@DESKTOP-8G4MAQM]
Interne #1 : Démarrage planningrecall
2024-01-04 22:23:53 [2@DESKTOP-8G4MAQM]
Interne #1 : Démarrage queuednotification
2024-01-04 22:31:51 [2@DESKTOP-8G4MAQM]
Interne #1 : Démarrage queuednotificationclean
2024-01-04 23:28:28 [2@DESKTOP-8G4MAQM]
Interne #1 : Démarrage temp
2024-01-04 23:55:06 [2@DESKTOP-8G4MAQM]
Interne #1 : Démarrage mailgateerror
2024-01-05 09:23:33 [2@DESKTOP-8G4MAQM]
Interne #1 : Démarrage certificate
2024-01-05 09:28:34 [2@DESKTOP-8G4MAQM]
Interne #1 : Démarrage olaticket
2024-01-05 10:01:56 [2@DESKTOP-8G4MAQM]
Interne #1 : Démarrage mailgate
2024-01-05 10:13:01 [2@DESKTOP-8G4MAQM]
Interne #1 : Démarrage graph
2024-01-05 10:18:06 [2@DESKTOP-8G4MAQM]
Interne #1 : Démarrage reservation
2024-01-05 10:23:23 [2@DESKTOP-8G4MAQM]
Interne #1 : Démarrage slaticket
2024-01-05 10:28:53 [2@DESKTOP-8G4MAQM]
Interne #1 : Démarrage planningrecall
2024-01-05 10:34:19 [2@DESKTOP-8G4MAQM]
Interne #1 : Démarrage queuednotification
2024-01-05 10:40:32 [2@DESKTOP-8G4MAQM]
Interne #1 : Démarrage RecurrentItems
2024-01-05 10:45:44 [2@DESKTOP-8G4MAQM]
Interne #1 : Démarrage temp
2024-01-05 10:50:51 [2@DESKTOP-8G4MAQM]
Interne #1 : Démarrage closeticket
2024-01-05 10:58:29 [2@DESKTOP-8G4MAQM]
Interne #1 : Démarrage alertnotclosed
2024-01-05 11:03:31 [2@DESKTOP-8G4MAQM]
Interne #1 : Démarrage olaticket
2024-01-05 11:06:13 [@DESKTOP-8G4MAQM]
Interne #1 : Démarrage mailgate
2024-01-05 11:06:13 [@DESKTOP-8G4MAQM]
Interne #1 : Démarrage slaticket
2024-01-05 11:10:53 [2@DESKTOP-8G4MAQM]
Interne #1 : Démarrage planningrecall
2024-01-05 11:13:15 [@DESKTOP-8G4MAQM]
Interne #1 : Démarrage queuednotification
2024-01-05 11:21:16 [8@DESKTOP-8G4MAQM]
Interne #1 : Démarrage olaticket
2024-01-05 11:21:24 [9@DESKTOP-8G4MAQM]
Interne #1 : Démarrage slaticket
2024-01-05 11:23:00 [2@DESKTOP-8G4MAQM]
Interne #1 : Démarrage graph
2024-01-05 11:26:56 [8@DESKTOP-8G4MAQM]
Interne #1 : Démarrage queuednotification
2024-01-05 11:28:17 [2@DESKTOP-8G4MAQM]
Interne #1 : Démarrage planningrecall
2024-01-05 11:29:12 [9@DESKTOP-8G4MAQM]
Interne #1 : Démarrage mailgate
2024-01-05 11:30:47 [@DESKTOP-8G4MAQM]
Interne #1 : Démarrage reservation
2024-01-05 11:36:17 [7@DESKTOP-8G4MAQM]
Interne #1 : Démarrage slaticket
2024-01-05 11:38:56 [2@DESKTOP-8G4MAQM]
Interne #1 : Démarrage olaticket
2024-01-05 11:43:19 [8@DESKTOP-8G4MAQM]
Interne #1 : Démarrage queuednotification
2024-01-05 11:44:01 [2@DESKTOP-8G4MAQM]
Interne #1 : Démarrage planningrecall
2024-01-05 11:50:41 [2@DESKTOP-8G4MAQM]
Interne #1 : Démarrage mailgate
2024-01-05 11:50:57 [8@DESKTOP-8G4MAQM]
Interne #1 : Démarrage RecurrentItems
2024-01-05 11:51:24 [9@DESKTOP-8G4MAQM]
Interne #1 : Démarrage slaticket
2024-01-05 11:53:49 [7@DESKTOP-8G4MAQM]
Interne #1 : Démarrage olaticket
2024-01-05 11:56:39 [9@DESKTOP-8G4MAQM]
Interne #1 : Démarrage queuednotification
2024-01-05 11:57:12 [2@DESKTOP-8G4MAQM]
Interne #1 : Démarrage temp
2024-01-05 12:04:13 [2@DESKTOP-8G4MAQM]
Interne #1 : Démarrage planningrecall
2024-01-05 12:11:07 [2@DESKTOP-8G4MAQM]
Interne #1 : Démarrage slaticket
2024-01-05 12:16:53 [2@DESKTOP-8G4MAQM]
Interne #1 : Démarrage queuednotification
2024-01-05 12:17:06 [9@DESKTOP-8G4MAQM]
Interne #1 : Démarrage olaticket
2024-01-05 12:25:19 [2@DESKTOP-8G4MAQM]
Interne #1 : Démarrage mailgate
2024-01-05 12:25:36 [7@DESKTOP-8G4MAQM]
Interne #1 : Démarrage planningrecall
2024-01-05 12:30:41 [7@DESKTOP-8G4MAQM]
Interne #1 : Démarrage slaticket
2024-01-05 12:42:47 [7@DESKTOP-8G4MAQM]
Interne #1 : Démarrage queuednotification
2024-01-05 12:42:49 [7@DESKTOP-8G4MAQM]
Erreur dans l'envoi du courriel<br/>Could not instantiate mail function.
2024-01-05 12:42:51 [7@DESKTOP-8G4MAQM]
Erreur dans l'envoi du courriel<br/>Could not instantiate mail function.
2024-01-05 12:43:56 [7@DESKTOP-8G4MAQM]
Erreur dans l'envoi du courriel<br/>Could not instantiate mail function.
2024-01-05 12:43:58 [7@DESKTOP-8G4MAQM]
Erreur dans l'envoi du courriel<br/>Could not instantiate mail function.
2024-01-05 12:44:00 [7@DESKTOP-8G4MAQM]
Erreur dans l'envoi du courriel<br/>Could not instantiate mail function.
2024-01-05 12:52:10 [7@DESKTOP-8G4MAQM]
Interne #1 : Démarrage olaticket
2024-01-05 12:57:39 [7@DESKTOP-8G4MAQM]
Interne #1 : Démarrage graph
2024-01-05 13:02:43 [7@DESKTOP-8G4MAQM]
Interne #1 : Démarrage reservation
2024-01-05 13:03:43 [2@DESKTOP-8G4MAQM]
Interne #1 : Démarrage planningrecall
2024-01-05 13:05:02 [9@DESKTOP-8G4MAQM]
Interne #1 : Démarrage mailgate
2024-01-05 13:21:57 [2@DESKTOP-8G4MAQM]
Interne #1 : Démarrage slaticket
2024-01-05 13:28:04 [2@DESKTOP-8G4MAQM]
Interne #1 : Démarrage queuednotification
2024-01-05 13:28:06 [2@DESKTOP-8G4MAQM]
Erreur dans l'envoi du courriel<br/>Could not instantiate mail function.
2024-01-05 13:28:08 [2@DESKTOP-8G4MAQM]
Erreur dans l'envoi du courriel<br/>Could not instantiate mail function.
2024-01-05 13:28:11 [2@DESKTOP-8G4MAQM]
Erreur dans l'envoi du courriel<br/>Could not instantiate mail function.
2024-01-05 13:28:13 [2@DESKTOP-8G4MAQM]
Erreur dans l'envoi du courriel<br/>Could not instantiate mail function.
2024-01-05 13:28:15 [2@DESKTOP-8G4MAQM]
Erreur dans l'envoi du courriel<br/>Could not instantiate mail function.
2024-01-05 13:28:17 [2@DESKTOP-8G4MAQM]
Erreur dans l'envoi du courriel<br/>Could not instantiate mail function.
2024-01-05 13:28:19 [2@DESKTOP-8G4MAQM]
Erreur dans l'envoi du courriel<br/>Could not instantiate mail function.
2024-01-05 13:28:21 [2@DESKTOP-8G4MAQM]
Erreur dans l'envoi du courriel<br/>Could not instantiate mail function.
2024-01-05 13:28:23 [2@DESKTOP-8G4MAQM]
Erreur dans l'envoi du courriel<br/>Could not instantiate mail function.
2024-01-05 13:33:11 [2@DESKTOP-8G4MAQM]
Interne #1 : Démarrage RecurrentItems
2024-01-05 13:38:13 [9@DESKTOP-8G4MAQM]
Interne #1 : Démarrage temp
2024-01-05 14:18:34 [2@DESKTOP-8G4MAQM]
Interne #1 : Démarrage olaticket
2024-01-05 14:23:48 [2@DESKTOP-8G4MAQM]
Interne #1 : Démarrage planningrecall
2024-01-05 14:30:57 [2@DESKTOP-8G4MAQM]
Interne #1 : Démarrage mailgate
2024-01-05 14:42:26 [2@DESKTOP-8G4MAQM]
Interne #1 : Démarrage slaticket
2024-01-05 14:57:49 [2@DESKTOP-8G4MAQM]
Interne #1 : Démarrage queuednotification
2024-01-05 14:57:54 [2@DESKTOP-8G4MAQM]
Erreur dans l'envoi du courriel<br/>SMTP connect() failed. https://github.com/PHPMailer/PHPMailer/wiki/Troubleshooting
2024-01-05 14:58:02 [2@DESKTOP-8G4MAQM]
Erreur dans l'envoi du courriel<br/>SMTP connect() failed. https://github.com/PHPMailer/PHPMailer/wiki/Troubleshooting
2024-01-05 14:58:10 [2@DESKTOP-8G4MAQM]
Erreur dans l'envoi du courriel<br/>SMTP connect() failed. https://github.com/PHPMailer/PHPMailer/wiki/Troubleshooting
2024-01-05 14:58:14 [2@DESKTOP-8G4MAQM]
Erreur dans l'envoi du courriel<br/>SMTP connect() failed. https://github.com/PHPMailer/PHPMailer/wiki/Troubleshooting
2024-01-05 14:58:18 [2@DESKTOP-8G4MAQM]
Erreur dans l'envoi du courriel<br/>SMTP connect() failed. https://github.com/PHPMailer/PHPMailer/wiki/Troubleshooting
2024-01-05 14:58:22 [2@DESKTOP-8G4MAQM]
Erreur dans l'envoi du courriel<br/>SMTP connect() failed. https://github.com/PHPMailer/PHPMailer/wiki/Troubleshooting
2024-01-05 14:58:26 [2@DESKTOP-8G4MAQM]
Erreur dans l'envoi du courriel<br/>SMTP connect() failed. https://github.com/PHPMailer/PHPMailer/wiki/Troubleshooting
2024-01-05 14:58:30 [2@DESKTOP-8G4MAQM]
Erreur dans l'envoi du courriel<br/>SMTP connect() failed. https://github.com/PHPMailer/PHPMailer/wiki/Troubleshooting
2024-01-05 14:58:34 [2@DESKTOP-8G4MAQM]
Erreur dans l'envoi du courriel<br/>SMTP connect() failed. https://github.com/PHPMailer/PHPMailer/wiki/Troubleshooting
2024-01-05 15:02:55 [2@DESKTOP-8G4MAQM]
Interne #1 : Démarrage graph
2024-01-05 15:10:38 [2@DESKTOP-8G4MAQM]
Interne #1 : Démarrage reservation
2024-01-05 16:03:28 [2@DESKTOP-8G4MAQM]
Interne #1 : Démarrage olaticket
2024-01-05 16:21:15 [8@DESKTOP-8G4MAQM]
Interne #1 : Démarrage planningrecall
