2024-01-05 12:18:33 [9@DESKTOP-8G4MAQM]
Un courriel pour admsys@localhost a été ajouté à la file d'attente : [GLPI #0000004] Nouveau ticket Problème avec windows
2024-01-05 12:20:02 [2@DESKTOP-8G4MAQM]
Un courriel pour alicetapsoba20@gmail.com a été ajouté à la file d'attente : [GLPI #0000004] Nouvel utilisateur responsable Problème avec windows
2024-01-05 12:20:59 [2@DESKTOP-8G4MAQM]
Un courriel pour evencesome@gmail.com a été ajouté à la file d'attente : [GLPI #0000004] Nouvel utilisateur responsable Problème avec windows
2024-01-05 12:20:59 [2@DESKTOP-8G4MAQM]
Un courriel pour alicetapsoba20@gmail.com a été ajouté à la file d'attente : [GLPI #0000004] Nouvel utilisateur responsable Problème avec windows
2024-01-05 12:30:40 [7@DESKTOP-8G4MAQM]
Un courriel pour admsys@localhost a été ajouté à la file d'attente : [GLPI] Nouvelle tâche de projet Installation de GLPI
2024-01-05 12:52:09 [7@DESKTOP-8G4MAQM]
Un courriel pour admsys@localhost a été ajouté à la file d'attente : [GLPI] Nouvelle tâche de projet Configuration de GLPI
2024-01-05 12:53:34 [7@DESKTOP-8G4MAQM]
Un courriel pour admsys@localhost a été ajouté à la file d'attente : [GLPI] Nouvelle tâche de projet Mise en réseau et test des fonctionnalités 
2024-01-05 12:54:19 [7@DESKTOP-8G4MAQM]
Un courriel pour admsys@localhost a été ajouté à la file d'attente : [GLPI] Mise à jour d'une tâche d'un projet Installation de GLPI
2024-01-05 12:54:45 [7@DESKTOP-8G4MAQM]
Un courriel pour admsys@localhost a été ajouté à la file d'attente : [GLPI] Mise à jour d'une tâche d'un projet Installation de GLPI
2024-01-05 12:56:04 [7@DESKTOP-8G4MAQM]
Un courriel pour admsys@localhost a été ajouté à la file d'attente : [GLPI] Mise à jour d'une tâche d'un projet Configuration de GLPI
2024-01-05 12:56:46 [7@DESKTOP-8G4MAQM]
Un courriel pour admsys@localhost a été ajouté à la file d'attente : [GLPI] Mise à jour d'une tâche d'un projet Mise en réseau et test des fonctionnalités 
2024-01-05 12:57:39 [7@DESKTOP-8G4MAQM]
Un courriel pour evencesome@gmail.com a été ajouté à la file d'attente : [GLPI] Mise à jour d'un projet GLPI 
2024-01-05 12:57:39 [7@DESKTOP-8G4MAQM]
Un courriel pour admsys@localhost a été ajouté à la file d'attente : [GLPI] Mise à jour d'un projet GLPI 
